2025-06-28 22:29:26,836 - __main__ - INFO - Iniciando bot (intento 1/5)
2025-06-28 22:29:26,836 - __main__ - ERROR - Token no configurado. Configura TELEGRAM_TOKEN
2025-06-28 22:29:26,838 - __main__ - INFO - Iniciando bot (intento 2/5)
2025-06-28 22:29:26,838 - __main__ - ERROR - Token no configurado. Configura TELEGRAM_TOKEN
2025-06-28 22:29:26,838 - __main__ - INFO - Iniciando bot (intento 3/5)
2025-06-28 22:29:26,839 - __main__ - ERROR - Token no configurado. Configura TELEGRAM_TOKEN
2025-06-28 22:29:26,839 - __main__ - INFO - Iniciando bot (intento 4/5)
2025-06-28 22:29:26,839 - __main__ - ERROR - Token no configurado. Configura TELEGRAM_TOKEN
2025-06-28 22:29:26,839 - __main__ - INFO - Iniciando bot (intento 5/5)
2025-06-28 22:29:26,839 - __main__ - ERROR - Token no configurado. Configura TELEGRAM_TOKEN
2025-06-28 22:29:26,839 - __main__ - INFO - Bot finalizado
2025-06-28 22:29:26,950 - __main__ - INFO - Iniciando bot (intento 1/5)
2025-06-28 22:29:26,950 - __main__ - ERROR - Token no configurado. Configura TELEGRAM_TOKEN
2025-06-28 22:29:26,950 - __main__ - INFO - Iniciando bot (intento 2/5)
2025-06-28 22:29:26,950 - __main__ - ERROR - Token no configurado. Configura TELEGRAM_TOKEN
2025-06-28 22:29:26,950 - __main__ - INFO - Iniciando bot (intento 3/5)
2025-06-28 22:29:26,951 - __main__ - ERROR - Token no configurado. Configura TELEGRAM_TOKEN
2025-06-28 22:29:26,951 - __main__ - INFO - Iniciando bot (intento 4/5)
2025-06-28 22:29:26,951 - __main__ - ERROR - Token no configurado. Configura TELEGRAM_TOKEN
2025-06-28 22:29:26,951 - __main__ - INFO - Iniciando bot (intento 5/5)
2025-06-28 22:29:26,951 - __main__ - ERROR - Token no configurado. Configura TELEGRAM_TOKEN
2025-06-28 22:29:26,951 - __main__ - INFO - Bot finalizado
2025-06-28 22:40:40,431 - __main__ - INFO - Iniciando bot (intento 1/5)
2025-06-28 22:40:40,431 - __main__ - ERROR - Token no configurado. Configura TELEGRAM_TOKEN
2025-06-28 22:40:40,431 - __main__ - INFO - Iniciando bot (intento 2/5)
2025-06-28 22:40:40,431 - __main__ - ERROR - Token no configurado. Configura TELEGRAM_TOKEN
2025-06-28 22:40:40,431 - __main__ - INFO - Iniciando bot (intento 3/5)
2025-06-28 22:40:40,431 - __main__ - ERROR - Token no configurado. Configura TELEGRAM_TOKEN
2025-06-28 22:40:40,432 - __main__ - INFO - Iniciando bot (intento 4/5)
2025-06-28 22:40:40,432 - __main__ - ERROR - Token no configurado. Configura TELEGRAM_TOKEN
2025-06-28 22:40:40,432 - __main__ - INFO - Iniciando bot (intento 5/5)
2025-06-28 22:40:40,432 - __main__ - ERROR - Token no configurado. Configura TELEGRAM_TOKEN
2025-06-28 22:40:40,432 - __main__ - INFO - Bot finalizado
2025-06-28 22:40:57,348 - __main__ - INFO - Iniciando bot (intento 1/5)
2025-06-28 22:40:57,379 - __main__ - INFO - Bot iniciado correctamente
2025-06-28 22:40:57,380 - __main__ - ERROR - Error iniciando bot: Cannot close a running event loop
2025-06-28 22:40:57,380 - __main__ - ERROR - Error crítico: Cannot close a running event loop
2025-06-28 22:40:57,380 - __main__ - INFO - Reintentando en 10 segundos...
2025-06-28 22:41:07,397 - __main__ - INFO - Iniciando bot (intento 2/5)
2025-06-28 22:41:07,430 - __main__ - INFO - Bot iniciado correctamente
2025-06-28 22:41:07,431 - __main__ - ERROR - Error iniciando bot: Cannot close a running event loop
2025-06-28 22:41:07,431 - __main__ - ERROR - Error crítico: Cannot close a running event loop
2025-06-28 22:41:07,431 - __main__ - INFO - Reintentando en 20 segundos...
2025-06-28 22:41:27,452 - __main__ - INFO - Iniciando bot (intento 3/5)
2025-06-28 22:41:27,488 - __main__ - INFO - Bot iniciado correctamente
2025-06-28 22:41:27,490 - __main__ - ERROR - Error iniciando bot: Cannot close a running event loop
2025-06-28 22:41:27,492 - __main__ - ERROR - Error crítico: Cannot close a running event loop
2025-06-28 22:41:27,492 - __main__ - INFO - Reintentando en 40 segundos...
2025-06-28 22:42:07,532 - __main__ - INFO - Iniciando bot (intento 4/5)
2025-06-28 22:42:07,552 - __main__ - INFO - Bot iniciado correctamente
2025-06-28 22:42:07,552 - __main__ - ERROR - Error iniciando bot: Cannot close a running event loop
2025-06-28 22:42:07,552 - __main__ - ERROR - Error crítico: Cannot close a running event loop
2025-06-28 22:42:07,553 - __main__ - INFO - Reintentando en 80 segundos...
2025-06-28 22:43:27,633 - __main__ - INFO - Iniciando bot (intento 5/5)
2025-06-28 22:43:27,659 - __main__ - INFO - Bot iniciado correctamente
2025-06-28 22:43:27,660 - __main__ - ERROR - Error iniciando bot: Cannot close a running event loop
2025-06-28 22:43:27,660 - __main__ - ERROR - Error crítico: Cannot close a running event loop
2025-06-28 22:43:27,660 - __main__ - ERROR - Máximo de reintentos alcanzado
2025-06-28 22:43:27,660 - __main__ - INFO - Bot finalizado
2025-06-28 22:43:40,066 - __main__ - INFO - Iniciando bot (intento 1)
2025-06-28 22:43:40,083 - __main__ - INFO - Bot configurado correctamente
2025-06-28 22:43:40,083 - __main__ - INFO - Iniciando polling...
2025-06-28 22:43:40,083 - __main__ - ERROR - Error: Cannot close a running event loop. Reintentando en 10s...
2025-06-28 22:43:40,084 - __main__ - WARNING - No hay chat_id para recordatorios
2025-06-28 22:43:50,095 - __main__ - INFO - Iniciando bot (intento 2)
2025-06-28 22:43:50,135 - __main__ - INFO - Bot configurado correctamente
2025-06-28 22:43:50,135 - __main__ - INFO - Iniciando polling...
2025-06-28 22:43:50,135 - __main__ - ERROR - Error: Cannot close a running event loop. Reintentando en 20s...
2025-06-28 22:43:50,136 - __main__ - WARNING - No hay chat_id para recordatorios
2025-06-28 22:44:10,156 - __main__ - INFO - Iniciando bot (intento 3)
2025-06-28 22:44:10,198 - __main__ - INFO - Bot configurado correctamente
2025-06-28 22:44:10,198 - __main__ - INFO - Iniciando polling...
2025-06-28 22:44:10,198 - __main__ - ERROR - Error: Cannot close a running event loop. Reintentando en 30s...
2025-06-28 22:44:10,199 - __main__ - WARNING - No hay chat_id para recordatorios
2025-06-28 22:44:40,229 - __main__ - INFO - Iniciando bot (intento 4)
2025-06-28 22:44:40,246 - __main__ - INFO - Bot configurado correctamente
2025-06-28 22:44:40,246 - __main__ - INFO - Iniciando polling...
2025-06-28 22:44:40,247 - __main__ - ERROR - Error: Cannot close a running event loop. Reintentando en 40s...
2025-06-28 22:44:40,247 - __main__ - WARNING - No hay chat_id para recordatorios
2025-06-28 22:45:20,287 - __main__ - INFO - Iniciando bot (intento 5)
2025-06-28 22:45:20,309 - __main__ - INFO - Bot configurado correctamente
2025-06-28 22:45:20,309 - __main__ - INFO - Iniciando polling...
2025-06-28 22:45:20,309 - __main__ - ERROR - Error: Cannot close a running event loop. Reintentando en 50s...
2025-06-28 22:45:20,309 - __main__ - WARNING - No hay chat_id para recordatorios
